0 info it worked if it ends with ok
1 verbose cli [ 'node', '/usr/local/bin/npm', 'run', 'test:dao' ]
2 info using npm@2.11.3
3 info using node@v0.12.7
4 verbose run-script [ 'pretest:dao', 'test:dao', 'posttest:dao' ]
5 info pretest:dao flickrer@1.0.0
6 info test:dao flickrer@1.0.0
7 verbose unsafe-perm in lifecycle true
8 info flickrer@1.0.0 Failed to exec test:dao script
9 verbose stack Error: flickrer@1.0.0 test:dao: `./vendor/phpunit/phpunit/phpunit tests/cases/dao/`
9 verbose stack Exit status 2
9 verbose stack     at EventEmitter.<anonymous> (/usr/local/lib/node_modules/npm/lib/utils/lifecycle.js:213:16)
9 verbose stack     at EventEmitter.emit (events.js:110:17)
9 verbose stack     at ChildProcess.<anonymous> (/usr/local/lib/node_modules/npm/lib/utils/spawn.js:24:14)
9 verbose stack     at ChildProcess.emit (events.js:110:17)
9 verbose stack     at maybeClose (child_process.js:1015:16)
9 verbose stack     at Process.ChildProcess._handle.onexit (child_process.js:1087:5)
10 verbose pkgid flickrer@1.0.0
11 verbose cwd /Users/bbqq/Workspace/flickrer
12 error Darwin 15.3.0
13 error argv "node" "/usr/local/bin/npm" "run" "test:dao"
14 error node v0.12.7
15 error npm  v2.11.3
16 error code ELIFECYCLE
17 error flickrer@1.0.0 test:dao: `./vendor/phpunit/phpunit/phpunit tests/cases/dao/`
17 error Exit status 2
18 error Failed at the flickrer@1.0.0 test:dao script './vendor/phpunit/phpunit/phpunit tests/cases/dao/'.
18 error This is most likely a problem with the flickrer package,
18 error not with npm itself.
18 error Tell the author that this fails on your system:
18 error     ./vendor/phpunit/phpunit/phpunit tests/cases/dao/
18 error You can get their info via:
18 error     npm owner ls flickrer
18 error There is likely additional logging output above.
19 verbose exit [ 1, true ]
